<?xml version="1.0" encoding="UTF-8"?>
<testng-results ignored="0" total="2" passed="2" failed="0" skipped="0">
  <reporter-output>
  </reporter-output>
  <suite started-at="2022-02-27T01:06:18 IST" name="Default suite" finished-at="2022-02-27T01:07:07 IST" duration-ms="48545">
    <groups>
    </groups>
    <test started-at="2022-02-27T01:06:18 IST" name="Default test" finished-at="2022-02-27T01:07:07 IST" duration-ms="48545">
      <class name="TestPackage.testCase6">
        <test-method is-config="true" signature="setup()[pri:0, instance:TestPackage.testCase6@69b2283a]" started-at="2022-02-27T01:06:18 IST" name="setup" finished-at="2022-02-27T01:06:34 IST" duration-ms="15527" status="PASS">
          <reporter-output>
          </reporter-output>
        </test-method> <!-- setup -->
        <test-method signature="verifyReviewTabAndNavigate()[pri:0, instance:TestPackage.testCase6@69b2283a]" started-at="2022-02-27T01:06:34 IST" name="verifyReviewTabAndNavigate" finished-at="2022-02-27T01:06:46 IST" duration-ms="12500" status="PASS">
          <reporter-output>
          </reporter-output>
        </test-method> <!-- verifyReviewTabAndNavigate -->
        <test-method is-config="true" signature="CloseddBrowser(org.testng.ITestResult)[pri:0, instance:TestPackage.testCase6@69b2283a]" started-at="2022-02-27T01:06:46 IST" name="CloseddBrowser" finished-at="2022-02-27T01:06:47 IST" duration-ms="464" status="PASS">
          <params>
            <param index="0">
              <value>
                <![CDATA[[TestResult name=verifyReviewTabAndNavigate status=SUCCESS method=testCase6.verifyReviewTabAndNavigate()[pri:0, instance:TestPackage.testCase6@69b2283a] output={null}]]]>
              </value>
            </param>
          </params>
          <reporter-output>
          </reporter-output>
        </test-method> <!-- CloseddBrowser -->
        <test-method is-config="true" signature="setup()[pri:0, instance:TestPackage.testCase6@69b2283a]" started-at="2022-02-27T01:06:47 IST" name="setup" finished-at="2022-02-27T01:06:58 IST" duration-ms="11436" status="PASS">
          <reporter-output>
          </reporter-output>
        </test-method> <!-- setup -->
        <test-method signature="verifynevigateToBassket()[pri:0, instance:TestPackage.testCase6@69b2283a]" started-at="2022-02-27T01:06:58 IST" name="verifynevigateToBassket" finished-at="2022-02-27T01:07:07 IST" duration-ms="8395" status="PASS">
          <reporter-output>
          </reporter-output>
        </test-method> <!-- verifynevigateToBassket -->
        <test-method is-config="true" signature="CloseddBrowser(org.testng.ITestResult)[pri:0, instance:TestPackage.testCase6@69b2283a]" started-at="2022-02-27T01:07:07 IST" name="CloseddBrowser" finished-at="2022-02-27T01:07:07 IST" duration-ms="93" status="PASS">
          <params>
            <param index="0">
              <value>
                <![CDATA[[TestResult name=verifynevigateToBassket status=SUCCESS method=testCase6.verifynevigateToBassket()[pri:0, instance:TestPackage.testCase6@69b2283a] output={null}]]]>
              </value>
            </param>
          </params>
          <reporter-output>
          </reporter-output>
        </test-method> <!-- CloseddBrowser -->
      </class> <!-- TestPackage.testCase6 -->
    </test> <!-- Default test -->
  </suite> <!-- Default suite -->
</testng-results>
