<?xml version="1.0" encoding="UTF-8"?>
<testng-results ignored="0" total="1" passed="1" failed="0" skipped="0">
  <reporter-output>
  </reporter-output>
  <suite started-at="2022-02-26T22:16:35 IST" name="Default suite" finished-at="2022-02-26T22:17:08 IST" duration-ms="32585">
    <groups>
    </groups>
    <test started-at="2022-02-26T22:16:35 IST" name="Default test" finished-at="2022-02-26T22:17:08 IST" duration-ms="32585">
      <class name="TestPackage.testCase1">
        <test-method is-config="true" signature="SetUp()[pri:0, instance:TestPackage.testCase1@bef2d72]" started-at="2022-02-26T22:16:35 IST" name="SetUp" finished-at="2022-02-26T22:16:52 IST" duration-ms="16995" status="PASS">
          <reporter-output>
          </reporter-output>
        </test-method> <!-- SetUp -->
        <test-method signature="verifyCountSlider()[pri:0, instance:TestPackage.testCase1@bef2d72]" started-at="2022-02-26T22:16:52 IST" name="verifyCountSlider" finished-at="2022-02-26T22:17:08 IST" duration-ms="15395" status="PASS">
          <reporter-output>
          </reporter-output>
        </test-method> <!-- verifyCountSlider -->
        <test-method is-config="true" signature="CloseBrowser(org.testng.ITestResult)[pri:0, instance:TestPackage.testCase1@bef2d72]" started-at="2022-02-26T22:17:08 IST" name="CloseBrowser" finished-at="2022-02-26T22:17:08 IST" duration-ms="131" status="PASS">
          <params>
            <param index="0">
              <value>
                <![CDATA[[TestResult name=verifyCountSlider status=SUCCESS method=testCase1.verifyCountSlider()[pri:0, instance:TestPackage.testCase1@bef2d72] output={null}]]]>
              </value>
            </param>
          </params>
          <reporter-output>
          </reporter-output>
        </test-method> <!-- CloseBrowser -->
      </class> <!-- TestPackage.testCase1 -->
    </test> <!-- Default test -->
  </suite> <!-- Default suite -->
</testng-results>
